{"C:\\Users\\vishn\\Documents\\GitHub\\PVOT\\flexdoc-oss\\flexdoc\\packages\\client\\src\\App.tsx": {"path":"C:\\Users\\vishn\\Documents\\GitHub\\PVOT\\flexdoc-oss\\flexdoc\\packages\\client\\src\\App.tsx","statementMap":{"0":{"start":{"line":1,"column":0},"end":{"line":1,"column":40}},"1":{"start":{"line":2,"column":0},"end":{"line":2,"column":62}},"2":{"start":{"line":3,"column":0},"end":{"line":3,"column":47}},"3":{"start":{"line":4,"column":0},"end":{"line":4,"column":55}},"4":{"start":{"line":6,"column":0},"end":{"line":6,"column":48}},"5":{"start":{"line":9,"column":26},"end":{"line":9,"column":60}},"6":{"start":{"line":10,"column":32},"end":{"line":10,"column":47}},"7":{"start":{"line":11,"column":28},"end":{"line":11,"column":57}},"8":{"start":{"line":13,"column":27},"end":{"line":35,"column":3}},"9":{"start":{"line":16,"column":17},"end":{"line":16,"column":40}},"10":{"start":{"line":17,"column":4},"end":{"line":17,"column":22}},"11":{"start":{"line":17,"column":15},"end":{"line":17,"column":22}},"12":{"start":{"line":19,"column":4},"end":{"line":19,"column":21}},"13":{"start":{"line":20,"column":4},"end":{"line":20,"column":19}},"14":{"start":{"line":22,"column":4},"end":{"line":34,"column":5}},"15":{"start":{"line":23,"column":19},"end":{"line":23,"column":36}},"16":{"start":{"line":24,"column":25},"end":{"line":24,"column":60}},"17":{"start":{"line":25,"column":6},"end":{"line":25,"column":26}},"18":{"start":{"line":27,"column":6},"end":{"line":31,"column":8}},"19":{"start":{"line":33,"column":6},"end":{"line":33,"column":24}},"20":{"start":{"line":37,"column":25},"end":{"line":39,"column":3}},"21":{"start":{"line":38,"column":4},"end":{"line":38,"column":24}},"22":{"start":{"line":41,"column":2},"end":{"line":43,"column":3}},"23":{"start":{"line":42,"column":4},"end":{"line":42,"column":35}},"24":{"start":{"line":45,"column":2},"end":{"line":217,"column":4}},"25":{"start":{"line":220,"column":0},"end":{"line":220,"column":19}}},"fnMap":{"0":{"name":"App","decl":{"start":{"line":8,"column":9},"end":{"line":8,"column":12}},"loc":{"start":{"line":8,"column":12},"end":{"line":218,"column":1}}},"1":{"name":"(anonymous_1)","decl":{"start":{"line":13,"column":27},"end":{"line":13,"column":32}},"loc":{"start":{"line":15,"column":6},"end":{"line":35,"column":3}}},"2":{"name":"(anonymous_2)","decl":{"start":{"line":37,"column":25},"end":{"line":37,"column":28}},"loc":{"start":{"line":37,"column":30},"end":{"line":39,"column":3}}}},"branchMap":{"0":{"loc":{"start":{"line":17,"column":4},"end":{"line":17,"column":22}},"type":"if","locations":[{"start":{"line":17,"column":4},"end":{"line":17,"column":22}},{"start":{},"end":{}}]},"1":{"loc":{"start":{"line":28,"column":8},"end":{"line":30,"column":51}},"type":"cond-expr","locations":[{"start":{"line":29,"column":12},"end":{"line":29,"column":23}},{"start":{"line":30,"column":12},"end":{"line":30,"column":51}}]},"2":{"loc":{"start":{"line":41,"column":2},"end":{"line":43,"column":3}},"type":"if","locations":[{"start":{"line":41,"column":2},"end":{"line":43,"column":3}},{"start":{},"end":{}}]},"3":{"loc":{"start":{"line":113,"column":22},"end":{"line":115,"column":null}},"type":"cond-expr","locations":[{"start":{"line":114,"column":26},"end":{"line":114,"column":54}},{"start":{"line":115,"column":26},"end":{"line":115,"column":null}}]},"4":{"loc":{"start":{"line":120,"column":24},"end":{"line":120,"column":null}},"type":"cond-expr","locations":[{"start":{"line":120,"column":34},"end":{"line":120,"column":49}},{"start":{"line":120,"column":52},"end":{"line":120,"column":null}}]},"5":{"loc":{"start":{"line":124,"column":23},"end":{"line":126,"column":60}},"type":"cond-expr","locations":[{"start":{"line":125,"column":26},"end":{"line":125,"column":41}},{"start":{"line":126,"column":26},"end":{"line":126,"column":60}}]},"6":{"loc":{"start":{"line":164,"column":13},"end":{"line":169,"column":null}},"type":"binary-expr","locations":[{"start":{"line":164,"column":13},"end":{"line":164,"column":18}},{"start":{"line":165,"column":14},"end":{"line":168,"column":null}}]}},"s":{"0":0,"1":0,"2":0,"3":0,"4":0,"5":0,"6":0,"7":0,"8":0,"9":0,"10":0,"11":0,"12":0,"13":0,"14":0,"15":0,"16":0,"17":0,"18":0,"19":0,"20":0,"21":0,"22":0,"23":0,"24":0,"25":0},"f":{"0":0,"1":0,"2":0},"b":{"0":[0,0],"1":[0,0],"2":[0,0],"3":[0,0],"4":[0,0],"5":[0,0],"6":[0,0]}}
,"C:\\Users\\vishn\\Documents\\GitHub\\PVOT\\flexdoc-oss\\flexdoc\\packages\\client\\src\\components\\CodeBlock.tsx": {"path":"C:\\Users\\vishn\\Documents\\GitHub\\PVOT\\flexdoc-oss\\flexdoc\\packages\\client\\src\\components\\CodeBlock.tsx","statementMap":{"0":{"start":{"line":1,"column":0},"end":{"line":1,"column":41}},"1":{"start":{"line":2,"column":0},"end":{"line":2,"column":28}},"2":{"start":{"line":3,"column":0},"end":{"line":3,"column":43}},"3":{"start":{"line":4,"column":0},"end":{"line":4,"column":39}},"4":{"start":{"line":5,"column":0},"end":{"line":5,"column":39}},"5":{"start":{"line":6,"column":0},"end":{"line":6,"column":45}},"6":{"start":{"line":7,"column":0},"end":{"line":7,"column":39}},"7":{"start":{"line":8,"column":0},"end":{"line":8,"column":43}},"8":{"start":{"line":17,"column":51},"end":{"line":73,"column":1}},"9":{"start":{"line":23,"column":30},"end":{"line":23,"column":51}},"10":{"start":{"line":25,"column":2},"end":{"line":27,"column":13}},"11":{"start":{"line":26,"column":4},"end":{"line":26,"column":25}},"12":{"start":{"line":29,"column":26},"end":{"line":37,"column":3}},"13":{"start":{"line":30,"column":4},"end":{"line":36,"column":5}},"14":{"start":{"line":31,"column":6},"end":{"line":31,"column":48}},"15":{"start":{"line":32,"column":6},"end":{"line":32,"column":22}},"16":{"start":{"line":33,"column":6},"end":{"line":33,"column":47}},"17":{"start":{"line":33,"column":23},"end":{"line":33,"column":39}},"18":{"start":{"line":35,"column":6},"end":{"line":35,"column":50}},"19":{"start":{"line":39,"column":2},"end":{"line":72,"column":4}},"20":{"start":{"line":17,"column":13},"end":{"line":17,"column":51}}},"fnMap":{"0":{"name":"(anonymous_0)","decl":{"start":{"line":17,"column":51},"end":{"line":17,"column":52}},"loc":{"start":{"line":22,"column":5},"end":{"line":73,"column":1}}},"1":{"name":"(anonymous_1)","decl":{"start":{"line":25,"column":12},"end":{"line":25,"column":15}},"loc":{"start":{"line":25,"column":17},"end":{"line":27,"column":3}}},"2":{"name":"(anonymous_2)","decl":{"start":{"line":29,"column":26},"end":{"line":29,"column":31}},"loc":{"start":{"line":29,"column":37},"end":{"line":37,"column":3}}},"3":{"name":"(anonymous_3)","decl":{"start":{"line":33,"column":17},"end":{"line":33,"column":20}},"loc":{"start":{"line":33,"column":23},"end":{"line":33,"column":39}}}},"branchMap":{"0":{"loc":{"start":{"line":21,"column":2},"end":{"line":21,"column":17}},"type":"default-arg","locations":[{"start":{"line":21,"column":13},"end":{"line":21,"column":17}}]},"1":{"loc":{"start":{"line":41,"column":7},"end":{"line":64,"column":null}},"type":"binary-expr","locations":[{"start":{"line":41,"column":8},"end":{"line":41,"column":13}},{"start":{"line":41,"column":17},"end":{"line":41,"column":25}},{"start":{"line":42,"column":8},"end":{"line":63,"column":null}}]},"2":{"loc":{"start":{"line":43,"column":11},"end":{"line":44,"column":null}},"type":"binary-expr","locations":[{"start":{"line":43,"column":11},"end":{"line":43,"column":16}},{"start":{"line":44,"column":12},"end":{"line":44,"column":78}}]},"3":{"loc":{"start":{"line":46,"column":11},"end":{"line":62,"column":null}},"type":"binary-expr","locations":[{"start":{"line":46,"column":11},"end":{"line":46,"column":19}},{"start":{"line":47,"column":12},"end":{"line":61,"column":null}}]},"4":{"loc":{"start":{"line":51,"column":15},"end":{"line":60,"column":null}},"type":"cond-expr","locations":[{"start":{"line":52,"column":16},"end":{"line":53,"column":null}},{"start":{"line":57,"column":16},"end":{"line":58,"column":null}}]}},"s":{"0":0,"1":0,"2":0,"3":0,"4":0,"5":0,"6":0,"7":0,"8":0,"9":0,"10":0,"11":0,"12":0,"13":0,"14":0,"15":0,"16":0,"17":0,"18":0,"19":0,"20":0},"f":{"0":0,"1":0,"2":0,"3":0},"b":{"0":[0],"1":[0,0,0],"2":[0,0],"3":[0,0],"4":[0,0]}}
,"C:\\Users\\vishn\\Documents\\GitHub\\PVOT\\flexdoc-oss\\flexdoc\\packages\\client\\src\\components\\EndpointDetail.tsx": {"path":"C:\\Users\\vishn\\Documents\\GitHub\\PVOT\\flexdoc-oss\\flexdoc\\packages\\client\\src\\components\\EndpointDetail.tsx","statementMap":{"0":{"start":{"line":1,"column":0},"end":{"line":1,"column":40}},"1":{"start":{"line":2,"column":0},"end":{"line":2,"column":null}},"2":{"start":{"line":10,"column":0},"end":{"line":10,"column":56}},"3":{"start":{"line":11,"column":0},"end":{"line":11,"column":53}},"4":{"start":{"line":12,"column":0},"end":{"line":12,"column":40}},"5":{"start":{"line":20,"column":61},"end":{"line":403,"column":1}},"6":{"start":{"line":25,"column":50},"end":{"line":26,"column":null}},"7":{"start":{"line":29,"column":19},"end":{"line":29,"column":35}},"8":{"start":{"line":30,"column":20},"end":{"line":30,"column":74}},"9":{"start":{"line":32,"column":2},"end":{"line":34,"column":3}},"10":{"start":{"line":33,"column":4},"end":{"line":33,"column":42}},"11":{"start":{"line":36,"column":24},"end":{"line":44,"column":3}},"12":{"start":{"line":37,"column":24},"end":{"line":37,"column":49}},"13":{"start":{"line":38,"column":4},"end":{"line":42,"column":5}},"14":{"start":{"line":39,"column":6},"end":{"line":39,"column":34}},"15":{"start":{"line":41,"column":6},"end":{"line":41,"column":31}},"16":{"start":{"line":43,"column":4},"end":{"line":43,"column":37}},"17":{"start":{"line":46,"column":23},"end":{"line":105,"column":3}},"18":{"start":{"line":47,"column":4},"end":{"line":50,"column":5}},"19":{"start":{"line":48,"column":23},"end":{"line":48,"column":72}},"20":{"start":{"line":49,"column":6},"end":{"line":49,"column":43}},"21":{"start":{"line":52,"column":19},"end":{"line":52,"column":29}},"22":{"start":{"line":54,"column":4},"end":{"line":104,"column":6}},"23":{"start":{"line":91,"column":14},"end":{"line":92,"column":null}},"24":{"start":{"line":107,"column":25},"end":{"line":117,"column":3}},"25":{"start":{"line":108,"column":17},"end":{"line":108,"column":33}},"26":{"start":{"line":109,"column":4},"end":{"line":110,"column":59}},"27":{"start":{"line":110,"column":6},"end":{"line":110,"column":59}},"28":{"start":{"line":111,"column":4},"end":{"line":112,"column":56}},"29":{"start":{"line":112,"column":6},"end":{"line":112,"column":56}},"30":{"start":{"line":113,"column":4},"end":{"line":114,"column":62}},"31":{"start":{"line":114,"column":6},"end":{"line":114,"column":62}},"32":{"start":{"line":115,"column":4},"end":{"line":115,"column":68}},"33":{"start":{"line":115,"column":21},"end":{"line":115,"column":68}},"34":{"start":{"line":116,"column":4},"end":{"line":116,"column":54}},"35":{"start":{"line":119,"column":30},"end":{"line":143,"column":3}},"36":{"start":{"line":120,"column":15},"end":{"line":120,"column":49}},"37":{"start":{"line":123,"column":20},"end":{"line":123,"column":71}},"38":{"start":{"line":124,"column":4},"end":{"line":124,"column":34}},"39":{"start":{"line":127,"column":4},"end":{"line":127,"column":57}},"40":{"start":{"line":130,"column":4},"end":{"line":132,"column":5}},"41":{"start":{"line":131,"column":6},"end":{"line":131,"column":61}},"42":{"start":{"line":135,"column":4},"end":{"line":140,"column":5}},"43":{"start":{"line":139,"column":6},"end":{"line":139,"column":31}},"44":{"start":{"line":142,"column":4},"end":{"line":142,"column":16}},"45":{"start":{"line":145,"column":2},"end":{"line":402,"column":4}},"46":{"start":{"line":201,"column":29},"end":{"line":201,"column":56}},"47":{"start":{"line":218,"column":36},"end":{"line":220,"column":27}},"48":{"start":{"line":222,"column":18},"end":{"line":259,"column":20}},"49":{"start":{"line":270,"column":29},"end":{"line":270,"column":57}},"50":{"start":{"line":287,"column":22},"end":{"line":288,"column":null}},"51":{"start":{"line":316,"column":27},"end":{"line":316,"column":53}},"52":{"start":{"line":331,"column":43},"end":{"line":333,"column":30}},"53":{"start":{"line":335,"column":18},"end":{"line":369,"column":20}},"54":{"start":{"line":356,"column":28},"end":{"line":356,"column":49}},"55":{"start":{"line":379,"column":27},"end":{"line":379,"column":52}},"56":{"start":{"line":20,"column":13},"end":{"line":20,"column":61}}},"fnMap":{"0":{"name":"(anonymous_0)","decl":{"start":{"line":20,"column":61},"end":{"line":20,"column":62}},"loc":{"start":{"line":24,"column":5},"end":{"line":403,"column":1}}},"1":{"name":"(anonymous_1)","decl":{"start":{"line":36,"column":24},"end":{"line":36,"column":25}},"loc":{"start":{"line":36,"column":44},"end":{"line":44,"column":3}}},"2":{"name":"(anonymous_2)","decl":{"start":{"line":46,"column":23},"end":{"line":46,"column":24}},"loc":{"start":{"line":46,"column":76},"end":{"line":105,"column":3}}},"3":{"name":"(anonymous_3)","decl":{"start":{"line":90,"column":51},"end":{"line":90,"column":52}},"loc":{"start":{"line":91,"column":14},"end":{"line":92,"column":null}}},"4":{"name":"(anonymous_4)","decl":{"start":{"line":107,"column":25},"end":{"line":107,"column":26}},"loc":{"start":{"line":107,"column":44},"end":{"line":117,"column":3}}},"5":{"name":"(anonymous_5)","decl":{"start":{"line":119,"column":30},"end":{"line":119,"column":33}},"loc":{"start":{"line":119,"column":35},"end":{"line":143,"column":3}}},"6":{"name":"(anonymous_6)","decl":{"start":{"line":201,"column":23},"end":{"line":201,"column":26}},"loc":{"start":{"line":201,"column":29},"end":{"line":201,"column":56}}},"7":{"name":"(anonymous_7)","decl":{"start":{"line":217,"column":22},"end":{"line":217,"column":23}},"loc":{"start":{"line":217,"column":44},"end":{"line":260,"column":17}}},"8":{"name":"(anonymous_8)","decl":{"start":{"line":270,"column":23},"end":{"line":270,"column":26}},"loc":{"start":{"line":270,"column":29},"end":{"line":270,"column":57}}},"9":{"name":"(anonymous_9)","decl":{"start":{"line":286,"column":20},"end":{"line":286,"column":21}},"loc":{"start":{"line":287,"column":22},"end":{"line":288,"column":null}}},"10":{"name":"(anonymous_10)","decl":{"start":{"line":316,"column":21},"end":{"line":316,"column":24}},"loc":{"start":{"line":316,"column":27},"end":{"line":316,"column":53}}},"11":{"name":"(anonymous_11)","decl":{"start":{"line":330,"column":16},"end":{"line":330,"column":17}},"loc":{"start":{"line":330,"column":58},"end":{"line":370,"column":17}}},"12":{"name":"(anonymous_12)","decl":{"start":{"line":355,"column":26},"end":{"line":355,"column":27}},"loc":{"start":{"line":356,"column":28},"end":{"line":356,"column":49}}},"13":{"name":"(anonymous_13)","decl":{"start":{"line":379,"column":21},"end":{"line":379,"column":24}},"loc":{"start":{"line":379,"column":27},"end":{"line":379,"column":52}}}},"branchMap":{"0":{"loc":{"start":{"line":32,"column":2},"end":{"line":34,"column":3}},"type":"if","locations":[{"start":{"line":32,"column":2},"end":{"line":34,"column":3}},{"start":{},"end":{}}]},"1":{"loc":{"start":{"line":38,"column":4},"end":{"line":42,"column":5}},"type":"if","locations":[{"start":{"line":38,"column":4},"end":{"line":42,"column":5}},{"start":{"line":40,"column":11},"end":{"line":42,"column":5}}]},"2":{"loc":{"start":{"line":46,"column":46},"end":{"line":46,"column":55}},"type":"default-arg","locations":[{"start":{"line":46,"column":54},"end":{"line":46,"column":55}}]},"3":{"loc":{"start":{"line":47,"column":4},"end":{"line":50,"column":5}},"type":"if","locations":[{"start":{"line":47,"column":4},"end":{"line":50,"column":5}},{"start":{},"end":{}}]},"4":{"loc":{"start":{"line":58,"column":13},"end":{"line":58,"column":33}},"type":"binary-expr","locations":[{"start":{"line":58,"column":13},"end":{"line":58,"column":24}},{"start":{"line":58,"column":28},"end":{"line":58,"column":33}}]},"5":{"loc":{"start":{"line":59,"column":13},"end":{"line":59,"column":51}},"type":"binary-expr","locations":[{"start":{"line":59,"column":13},"end":{"line":59,"column":26}},{"start":{"line":59,"column":30},"end":{"line":59,"column":51}}]},"6":{"loc":{"start":{"line":61,"column":11},"end":{"line":64,"column":null}},"type":"binary-expr","locations":[{"start":{"line":61,"column":11},"end":{"line":61,"column":26}},{"start":{"line":62,"column":12},"end":{"line":62,"column":null}}]},"7":{"loc":{"start":{"line":66,"column":11},"end":{"line":69,"column":null}},"type":"binary-expr","locations":[{"start":{"line":66,"column":11},"end":{"line":66,"column":26}},{"start":{"line":67,"column":12},"end":{"line":67,"column":null}}]},"8":{"loc":{"start":{"line":73,"column":9},"end":{"line":74,"column":null}},"type":"binary-expr","locations":[{"start":{"line":73,"column":9},"end":{"line":73,"column":27}},{"start":{"line":74,"column":10},"end":{"line":74,"column":76}}]},"9":{"loc":{"start":{"line":77,"column":9},"end":{"line":85,"column":null}},"type":"binary-expr","locations":[{"start":{"line":77,"column":9},"end":{"line":77,"column":37}},{"start":{"line":78,"column":10},"end":{"line":84,"column":null}}]},"10":{"loc":{"start":{"line":88,"column":9},"end":{"line":101,"column":null}},"type":"binary-expr","locations":[{"start":{"line":88,"column":9},"end":{"line":88,"column":26}},{"start":{"line":89,"column":10},"end":{"line":100,"column":null}}]},"11":{"loc":{"start":{"line":109,"column":4},"end":{"line":110,"column":59}},"type":"if","locations":[{"start":{"line":109,"column":4},"end":{"line":110,"column":59}},{"start":{},"end":{}}]},"12":{"loc":{"start":{"line":109,"column":8},"end":{"line":109,"column":33}},"type":"binary-expr","locations":[{"start":{"line":109,"column":8},"end":{"line":109,"column":19}},{"start":{"line":109,"column":23},"end":{"line":109,"column":33}}]},"13":{"loc":{"start":{"line":111,"column":4},"end":{"line":112,"column":56}},"type":"if","locations":[{"start":{"line":111,"column":4},"end":{"line":112,"column":56}},{"start":{},"end":{}}]},"14":{"loc":{"start":{"line":111,"column":8},"end":{"line":111,"column":33}},"type":"binary-expr","locations":[{"start":{"line":111,"column":8},"end":{"line":111,"column":19}},{"start":{"line":111,"column":23},"end":{"line":111,"column":33}}]},"15":{"loc":{"start":{"line":113,"column":4},"end":{"line":114,"column":62}},"type":"if","locations":[{"start":{"line":113,"column":4},"end":{"line":114,"column":62}},{"start":{},"end":{}}]},"16":{"loc":{"start":{"line":113,"column":8},"end":{"line":113,"column":33}},"type":"binary-expr","locations":[{"start":{"line":113,"column":8},"end":{"line":113,"column":19}},{"start":{"line":113,"column":23},"end":{"line":113,"column":33}}]},"17":{"loc":{"start":{"line":115,"column":4},"end":{"line":115,"column":68}},"type":"if","locations":[{"start":{"line":115,"column":4},"end":{"line":115,"column":68}},{"start":{},"end":{}}]},"18":{"loc":{"start":{"line":123,"column":20},"end":{"line":123,"column":71}},"type":"binary-expr","locations":[{"start":{"line":123,"column":20},"end":{"line":123,"column":42}},{"start":{"line":123,"column":46},"end":{"line":123,"column":71}}]},"19":{"loc":{"start":{"line":130,"column":4},"end":{"line":132,"column":5}},"type":"if","locations":[{"start":{"line":130,"column":4},"end":{"line":132,"column":5}},{"start":{},"end":{}}]},"20":{"loc":{"start":{"line":135,"column":4},"end":{"line":140,"column":5}},"type":"if","locations":[{"start":{"line":135,"column":4},"end":{"line":140,"column":5}},{"start":{},"end":{}}]},"21":{"loc":{"start":{"line":136,"column":6},"end":{"line":137,"column":27}},"type":"binary-expr","locations":[{"start":{"line":136,"column":6},"end":{"line":136,"column":61}},{"start":{"line":137,"column":6},"end":{"line":137,"column":27}}]},"22":{"loc":{"start":{"line":163,"column":11},"end":{"line":166,"column":null}},"type":"binary-expr","locations":[{"start":{"line":163,"column":11},"end":{"line":163,"column":28}},{"start":{"line":164,"column":12},"end":{"line":165,"column":null}}]},"23":{"loc":{"start":{"line":169,"column":11},"end":{"line":172,"column":null}},"type":"binary-expr","locations":[{"start":{"line":169,"column":11},"end":{"line":169,"column":32}},{"start":{"line":170,"column":12},"end":{"line":171,"column":null}}]},"24":{"loc":{"start":{"line":176,"column":13},"end":{"line":180,"column":null}},"type":"binary-expr","locations":[{"start":{"line":176,"column":13},"end":{"line":176,"column":33}},{"start":{"line":177,"column":14},"end":{"line":179,"column":null}}]},"25":{"loc":{"start":{"line":183,"column":13},"end":{"line":192,"column":null}},"type":"cond-expr","locations":[{"start":{"line":184,"column":14},"end":{"line":186,"column":null}},{"start":{"line":189,"column":14},"end":{"line":191,"column":null}}]},"26":{"loc":{"start":{"line":198,"column":9},"end":{"line":263,"column":null}},"type":"binary-expr","locations":[{"start":{"line":198,"column":10},"end":{"line":198,"column":30}},{"start":{"line":198,"column":34},"end":{"line":198,"column":53}},{"start":{"line":199,"column":10},"end":{"line":262,"column":null}}]},"27":{"loc":{"start":{"line":204,"column":15},"end":{"line":207,"column":null}},"type":"cond-expr","locations":[{"start":{"line":205,"column":16},"end":{"line":205,"column":51}},{"start":{"line":207,"column":16},"end":{"line":207,"column":52}}]},"28":{"loc":{"start":{"line":212,"column":13},"end":{"line":261,"column":null}},"type":"binary-expr","locations":[{"start":{"line":212,"column":13},"end":{"line":212,"column":47}},{"start":{"line":213,"column":14},"end":{"line":260,"column":null}}]},"29":{"loc":{"start":{"line":215,"column":22},"end":{"line":215,"column":47}},"type":"binary-expr","locations":[{"start":{"line":215,"column":22},"end":{"line":215,"column":41}},{"start":{"line":215,"column":45},"end":{"line":215,"column":47}}]},"30":{"loc":{"start":{"line":216,"column":22},"end":{"line":216,"column":48}},"type":"binary-expr","locations":[{"start":{"line":216,"column":22},"end":{"line":216,"column":42}},{"start":{"line":216,"column":46},"end":{"line":216,"column":48}}]},"31":{"loc":{"start":{"line":218,"column":36},"end":{"line":220,"column":27}},"type":"cond-expr","locations":[{"start":{"line":219,"column":22},"end":{"line":219,"column":70}},{"start":{"line":220,"column":22},"end":{"line":220,"column":27}}]},"32":{"loc":{"start":{"line":233,"column":28},"end":{"line":239,"column":null}},"type":"cond-expr","locations":[{"start":{"line":234,"column":32},"end":{"line":234,"column":63}},{"start":{"line":235,"column":32},"end":{"line":239,"column":null}}]},"33":{"loc":{"start":{"line":235,"column":32},"end":{"line":239,"column":null}},"type":"cond-expr","locations":[{"start":{"line":236,"column":32},"end":{"line":236,"column":59}},{"start":{"line":237,"column":32},"end":{"line":239,"column":null}}]},"34":{"loc":{"start":{"line":237,"column":32},"end":{"line":239,"column":null}},"type":"cond-expr","locations":[{"start":{"line":238,"column":32},"end":{"line":238,"column":61}},{"start":{"line":239,"column":32},"end":{"line":239,"column":null}}]},"35":{"loc":{"start":{"line":244,"column":25},"end":{"line":247,"column":null}},"type":"binary-expr","locations":[{"start":{"line":244,"column":25},"end":{"line":244,"column":43}},{"start":{"line":245,"column":26},"end":{"line":245,"column":null}}]},"36":{"loc":{"start":{"line":251,"column":23},"end":{"line":254,"column":null}},"type":"binary-expr","locations":[{"start":{"line":251,"column":23},"end":{"line":251,"column":44}},{"start":{"line":252,"column":24},"end":{"line":253,"column":null}}]},"37":{"loc":{"start":{"line":257,"column":23},"end":{"line":257,"column":73}},"type":"binary-expr","locations":[{"start":{"line":257,"column":23},"end":{"line":257,"column":39}},{"start":{"line":257,"column":43},"end":{"line":257,"column":73}}]},"38":{"loc":{"start":{"line":267,"column":9},"end":{"line":310,"column":null}},"type":"binary-expr","locations":[{"start":{"line":267,"column":9},"end":{"line":267,"column":30}},{"start":{"line":268,"column":10},"end":{"line":309,"column":null}}]},"39":{"loc":{"start":{"line":273,"column":15},"end":{"line":276,"column":null}},"type":"cond-expr","locations":[{"start":{"line":274,"column":16},"end":{"line":274,"column":51}},{"start":{"line":276,"column":16},"end":{"line":276,"column":52}}]},"40":{"loc":{"start":{"line":281,"column":13},"end":{"line":308,"column":null}},"type":"binary-expr","locations":[{"start":{"line":281,"column":13},"end":{"line":281,"column":48}},{"start":{"line":282,"column":14},"end":{"line":282,"column":35}},{"start":{"line":283,"column":14},"end":{"line":283,"column":50}},{"start":{"line":284,"column":16},"end":{"line":307,"column":null}}]},"41":{"loc":{"start":{"line":285,"column":34},"end":{"line":285,"column":69}},"type":"binary-expr","locations":[{"start":{"line":285,"column":34},"end":{"line":285,"column":63}},{"start":{"line":285,"column":67},"end":{"line":285,"column":69}}]},"42":{"loc":{"start":{"line":295,"column":27},"end":{"line":300,"column":null}},"type":"binary-expr","locations":[{"start":{"line":295,"column":27},"end":{"line":295,"column":48}},{"start":{"line":296,"column":28},"end":{"line":296,"column":64}},{"start":{"line":297,"column":28},"end":{"line":297,"column":58}},{"start":{"line":298,"column":30},"end":{"line":298,"column":null}}]},"43":{"loc":{"start":{"line":304,"column":25},"end":{"line":304,"column":71}},"type":"binary-expr","locations":[{"start":{"line":304,"column":25},"end":{"line":304,"column":39}},{"start":{"line":304,"column":43},"end":{"line":304,"column":71}}]},"44":{"loc":{"start":{"line":319,"column":13},"end":{"line":322,"column":null}},"type":"cond-expr","locations":[{"start":{"line":320,"column":14},"end":{"line":320,"column":49}},{"start":{"line":322,"column":14},"end":{"line":322,"column":50}}]},"45":{"loc":{"start":{"line":327,"column":11},"end":{"line":372,"column":null}},"type":"binary-expr","locations":[{"start":{"line":327,"column":11},"end":{"line":327,"column":44}},{"start":{"line":328,"column":12},"end":{"line":371,"column":null}}]},"46":{"loc":{"start":{"line":331,"column":43},"end":{"line":333,"column":30}},"type":"cond-expr","locations":[{"start":{"line":332,"column":22},"end":{"line":332,"column":73}},{"start":{"line":333,"column":22},"end":{"line":333,"column":30}}]},"47":{"loc":{"start":{"line":353,"column":23},"end":{"line":366,"column":null}},"type":"binary-expr","locations":[{"start":{"line":353,"column":23},"end":{"line":353,"column":47}},{"start":{"line":354,"column":24},"end":{"line":366,"column":null}}]},"48":{"loc":{"start":{"line":360,"column":31},"end":{"line":363,"column":null}},"type":"binary-expr","locations":[{"start":{"line":360,"column":31},"end":{"line":360,"column":45}},{"start":{"line":361,"column":32},"end":{"line":362,"column":null}}]},"49":{"loc":{"start":{"line":382,"column":13},"end":{"line":385,"column":null}},"type":"cond-expr","locations":[{"start":{"line":383,"column":14},"end":{"line":383,"column":49}},{"start":{"line":385,"column":14},"end":{"line":385,"column":50}}]},"50":{"loc":{"start":{"line":390,"column":11},"end":{"line":397,"column":null}},"type":"binary-expr","locations":[{"start":{"line":390,"column":11},"end":{"line":390,"column":43}},{"start":{"line":391,"column":12},"end":{"line":396,"column":null}}]}},"s":{"0":0,"1":0,"2":0,"3":0,"4":0,"5":0,"6":0,"7":0,"8":0,"9":0,"10":0,"11":0,"12":0,"13":0,"14":0,"15":0,"16":0,"17":0,"18":0,"19":0,"20":0,"21":0,"22":0,"23":0,"24":0,"25":0,"26":0,"27":0,"28":0,"29":0,"30":0,"31":0,"32":0,"33":0,"34":0,"35":0,"36":0,"37":0,"38":0,"39":0,"40":0,"41":0,"42":0,"43":0,"44":0,"45":0,"46":0,"47":0,"48":0,"49":0,"50":0,"51":0,"52":0,"53":0,"54":0,"55":0,"56":0},"f":{"0":0,"1":0,"2":0,"3":0,"4":0,"5":0,"6":0,"7":0,"8":0,"9":0,"10":0,"11":0,"12":0,"13":0},"b":{"0":[0,0],"1":[0,0],"2":[0],"3":[0,0],"4":[0,0],"5":[0,0],"6":[0,0],"7":[0,0],"8":[0,0],"9":[0,0],"10":[0,0],"11":[0,0],"12":[0,0],"13":[0,0],"14":[0,0],"15":[0,0],"16":[0,0],"17":[0,0],"18":[0,0],"19":[0,0],"20":[0,0],"21":[0,0],"22":[0,0],"23":[0,0],"24":[0,0],"25":[0,0],"26":[0,0,0],"27":[0,0],"28":[0,0],"29":[0,0],"30":[0,0],"31":[0,0],"32":[0,0],"33":[0,0],"34":[0,0],"35":[0,0],"36":[0,0],"37":[0,0],"38":[0,0],"39":[0,0],"40":[0,0,0,0],"41":[0,0],"42":[0,0,0,0],"43":[0,0],"44":[0,0],"45":[0,0],"46":[0,0],"47":[0,0],"48":[0,0],"49":[0,0],"50":[0,0]}}
,"C:\\Users\\vishn\\Documents\\GitHub\\PVOT\\flexdoc-oss\\flexdoc\\packages\\client\\src\\components\\FlexDoc.tsx": {"path":"C:\\Users\\vishn\\Documents\\GitHub\\PVOT\\flexdoc-oss\\flexdoc\\packages\\client\\src\\components\\FlexDoc.tsx","statementMap":{"0":{"start":{"line":1,"column":0},"end":{"line":1,"column":40}},"1":{"start":{"line":3,"column":0},"end":{"line":3,"column":36}},"2":{"start":{"line":4,"column":0},"end":{"line":4,"column":50}},"3":{"start":{"line":5,"column":0},"end":{"line":5,"column":38}},"4":{"start":{"line":13,"column":47},"end":{"line":53,"column":1}},"5":{"start":{"line":18,"column":50},"end":{"line":21,"column":17}},"6":{"start":{"line":23,"column":31},"end":{"line":25,"column":3}},"7":{"start":{"line":24,"column":4},"end":{"line":24,"column":42}},"8":{"start":{"line":27,"column":2},"end":{"line":52,"column":4}},"9":{"start":{"line":13,"column":13},"end":{"line":13,"column":47}}},"fnMap":{"0":{"name":"(anonymous_0)","decl":{"start":{"line":13,"column":47},"end":{"line":13,"column":48}},"loc":{"start":{"line":17,"column":5},"end":{"line":53,"column":1}}},"1":{"name":"(anonymous_1)","decl":{"start":{"line":23,"column":31},"end":{"line":23,"column":32}},"loc":{"start":{"line":23,"column":64},"end":{"line":25,"column":3}}}},"branchMap":{"0":{"loc":{"start":{"line":15,"column":2},"end":{"line":15,"column":17}},"type":"default-arg","locations":[{"start":{"line":15,"column":10},"end":{"line":15,"column":17}}]},"1":{"loc":{"start":{"line":30,"column":8},"end":{"line":30,"column":null}},"type":"cond-expr","locations":[{"start":{"line":30,"column":27},"end":{"line":30,"column":40}},{"start":{"line":30,"column":43},"end":{"line":30,"column":null}}]},"2":{"loc":{"start":{"line":37,"column":26},"end":{"line":37,"column":55}},"type":"binary-expr","locations":[{"start":{"line":37,"column":26},"end":{"line":37,"column":42}},{"start":{"line":37,"column":46},"end":{"line":37,"column":55}}]},"3":{"loc":{"start":{"line":41,"column":9},"end":{"line":48,"column":null}},"type":"cond-expr","locations":[{"start":{"line":42,"column":10},"end":{"line":45,"column":null}},{"start":{"line":48,"column":10},"end":{"line":48,"column":74}}]}},"s":{"0":0,"1":0,"2":0,"3":0,"4":0,"5":0,"6":0,"7":0,"8":0,"9":0},"f":{"0":0,"1":0},"b":{"0":[0],"1":[0,0],"2":[0,0],"3":[0,0]}}
,"C:\\Users\\vishn\\Documents\\GitHub\\PVOT\\flexdoc-oss\\flexdoc\\packages\\client\\src\\components\\Overview.tsx": {"path":"C:\\Users\\vishn\\Documents\\GitHub\\PVOT\\flexdoc-oss\\flexdoc\\packages\\client\\src\\components\\Overview.tsx","statementMap":{"0":{"start":{"line":1,"column":0},"end":{"line":1,"column":26}},"1":{"start":{"line":2,"column":0},"end":{"line":2,"column":75}},"2":{"start":{"line":4,"column":0},"end":{"line":4,"column":56}},"3":{"start":{"line":11,"column":49},"end":{"line":277,"column":1}},"4":{"start":{"line":16,"column":24},"end":{"line":25,"column":null}},"5":{"start":{"line":18,"column":22},"end":{"line":18,"column":60}},"6":{"start":{"line":19,"column":6},"end":{"line":22,"column":9}},"7":{"start":{"line":20,"column":8},"end":{"line":20,"column":45}},"8":{"start":{"line":21,"column":8},"end":{"line":21,"column":20}},"9":{"start":{"line":23,"column":6},"end":{"line":23,"column":17}},"10":{"start":{"line":29,"column":27},"end":{"line":36,"column":null}},"11":{"start":{"line":32,"column":6},"end":{"line":36,"column":9}},"12":{"start":{"line":32,"column":62},"end":{"line":36,"column":8}},"13":{"start":{"line":39,"column":2},"end":{"line":276,"column":4}},"14":{"start":{"line":136,"column":16},"end":{"line":136,"column":34}},"15":{"start":{"line":165,"column":14},"end":{"line":166,"column":null}},"16":{"start":{"line":167,"column":31},"end":{"line":167,"column":61}},"17":{"start":{"line":259,"column":18},"end":{"line":259,"column":35}},"18":{"start":{"line":11,"column":13},"end":{"line":11,"column":49}}},"fnMap":{"0":{"name":"(anonymous_0)","decl":{"start":{"line":11,"column":49},"end":{"line":11,"column":50}},"loc":{"start":{"line":14,"column":5},"end":{"line":277,"column":1}}},"1":{"name":"(anonymous_1)","decl":{"start":{"line":17,"column":4},"end":{"line":17,"column":5}},"loc":{"start":{"line":17,"column":31},"end":{"line":24,"column":5}}},"2":{"name":"(anonymous_2)","decl":{"start":{"line":19,"column":22},"end":{"line":19,"column":23}},"loc":{"start":{"line":19,"column":33},"end":{"line":22,"column":7}}},"3":{"name":"(anonymous_3)","decl":{"start":{"line":31,"column":13},"end":{"line":31,"column":14}},"loc":{"start":{"line":32,"column":6},"end":{"line":36,"column":9}}},"4":{"name":"(anonymous_4)","decl":{"start":{"line":32,"column":49},"end":{"line":32,"column":50}},"loc":{"start":{"line":32,"column":62},"end":{"line":36,"column":8}}},"5":{"name":"(anonymous_5)","decl":{"start":{"line":135,"column":14},"end":{"line":135,"column":15}},"loc":{"start":{"line":136,"column":16},"end":{"line":136,"column":34}}},"6":{"name":"(anonymous_6)","decl":{"start":{"line":164,"column":34},"end":{"line":164,"column":35}},"loc":{"start":{"line":165,"column":14},"end":{"line":166,"column":null}}},"7":{"name":"(anonymous_7)","decl":{"start":{"line":167,"column":25},"end":{"line":167,"column":28}},"loc":{"start":{"line":167,"column":31},"end":{"line":167,"column":61}}},"8":{"name":"(anonymous_8)","decl":{"start":{"line":258,"column":34},"end":{"line":258,"column":35}},"loc":{"start":{"line":259,"column":18},"end":{"line":259,"column":35}}}},"branchMap":{"0":{"loc":{"start":{"line":20,"column":23},"end":{"line":20,"column":39}},"type":"binary-expr","locations":[{"start":{"line":20,"column":23},"end":{"line":20,"column":34}},{"start":{"line":20,"column":38},"end":{"line":20,"column":39}}]},"1":{"loc":{"start":{"line":56,"column":11},"end":{"line":59,"column":null}},"type":"binary-expr","locations":[{"start":{"line":56,"column":11},"end":{"line":56,"column":32}},{"start":{"line":57,"column":12},"end":{"line":58,"column":null}}]},"2":{"loc":{"start":{"line":89,"column":19},"end":{"line":89,"column":44}},"type":"binary-expr","locations":[{"start":{"line":89,"column":19},"end":{"line":89,"column":39}},{"start":{"line":89,"column":43},"end":{"line":89,"column":44}}]},"3":{"loc":{"start":{"line":103,"column":19},"end":{"line":103,"column":41}},"type":"binary-expr","locations":[{"start":{"line":103,"column":19},"end":{"line":103,"column":36}},{"start":{"line":103,"column":40},"end":{"line":103,"column":41}}]},"4":{"loc":{"start":{"line":119,"column":19},"end":{"line":121,"column":23}},"type":"cond-expr","locations":[{"start":{"line":120,"column":22},"end":{"line":120,"column":73}},{"start":{"line":121,"column":22},"end":{"line":121,"column":23}}]},"5":{"loc":{"start":{"line":147,"column":21},"end":{"line":147,"column":47}},"type":"binary-expr","locations":[{"start":{"line":147,"column":21},"end":{"line":147,"column":42}},{"start":{"line":147,"column":46},"end":{"line":147,"column":47}}]},"6":{"loc":{"start":{"line":182,"column":17},"end":{"line":185,"column":null}},"type":"binary-expr","locations":[{"start":{"line":182,"column":17},"end":{"line":182,"column":35}},{"start":{"line":183,"column":18},"end":{"line":184,"column":null}}]},"7":{"loc":{"start":{"line":195,"column":11},"end":{"line":248,"column":null}},"type":"binary-expr","locations":[{"start":{"line":195,"column":12},"end":{"line":195,"column":29}},{"start":{"line":195,"column":33},"end":{"line":195,"column":50}},{"start":{"line":196,"column":12},"end":{"line":247,"column":null}}]},"8":{"loc":{"start":{"line":201,"column":17},"end":{"line":224,"column":null}},"type":"binary-expr","locations":[{"start":{"line":201,"column":17},"end":{"line":201,"column":34}},{"start":{"line":202,"column":18},"end":{"line":223,"column":null}}]},"9":{"loc":{"start":{"line":204,"column":21},"end":{"line":207,"column":null}},"type":"binary-expr","locations":[{"start":{"line":204,"column":21},"end":{"line":204,"column":43}},{"start":{"line":205,"column":22},"end":{"line":206,"column":null}}]},"10":{"loc":{"start":{"line":209,"column":21},"end":{"line":212,"column":null}},"type":"binary-expr","locations":[{"start":{"line":209,"column":21},"end":{"line":209,"column":44}},{"start":{"line":210,"column":22},"end":{"line":211,"column":null}}]},"11":{"loc":{"start":{"line":214,"column":21},"end":{"line":222,"column":null}},"type":"binary-expr","locations":[{"start":{"line":214,"column":21},"end":{"line":214,"column":42}},{"start":{"line":215,"column":22},"end":{"line":221,"column":null}}]},"12":{"loc":{"start":{"line":227,"column":17},"end":{"line":245,"column":null}},"type":"binary-expr","locations":[{"start":{"line":227,"column":17},"end":{"line":227,"column":34}},{"start":{"line":228,"column":18},"end":{"line":244,"column":null}}]},"13":{"loc":{"start":{"line":230,"column":21},"end":{"line":243,"column":null}},"type":"cond-expr","locations":[{"start":{"line":231,"column":22},"end":{"line":238,"column":null}},{"start":{"line":241,"column":22},"end":{"line":242,"column":null}}]},"14":{"loc":{"start":{"line":252,"column":11},"end":{"line":271,"column":null}},"type":"binary-expr","locations":[{"start":{"line":252,"column":11},"end":{"line":252,"column":23}},{"start":{"line":252,"column":27},"end":{"line":252,"column":50}},{"start":{"line":253,"column":12},"end":{"line":270,"column":null}}]},"15":{"loc":{"start":{"line":263,"column":21},"end":{"line":266,"column":null}},"type":"binary-expr","locations":[{"start":{"line":263,"column":21},"end":{"line":263,"column":39}},{"start":{"line":264,"column":22},"end":{"line":265,"column":null}}]}},"s":{"0":0,"1":0,"2":0,"3":0,"4":0,"5":0,"6":0,"7":0,"8":0,"9":0,"10":0,"11":0,"12":0,"13":0,"14":0,"15":0,"16":0,"17":0,"18":0},"f":{"0":0,"1":0,"2":0,"3":0,"4":0,"5":0,"6":0,"7":0,"8":0},"b":{"0":[0,0],"1":[0,0],"2":[0,0],"3":[0,0],"4":[0,0],"5":[0,0],"6":[0,0],"7":[0,0,0],"8":[0,0],"9":[0,0],"10":[0,0],"11":[0,0],"12":[0,0],"13":[0,0],"14":[0,0,0],"15":[0,0]}}
,"C:\\Users\\vishn\\Documents\\GitHub\\PVOT\\flexdoc-oss\\flexdoc\\packages\\client\\src\\components\\Sidebar.tsx": {"path":"C:\\Users\\vishn\\Documents\\GitHub\\PVOT\\flexdoc-oss\\flexdoc\\packages\\client\\src\\components\\Sidebar.tsx","statementMap":{"0":{"start":{"line":1,"column":0},"end":{"line":1,"column":40}},"1":{"start":{"line":2,"column":0},"end":{"line":2,"column":null}},"2":{"start":{"line":11,"column":0},"end":{"line":11,"column":56}},"3":{"start":{"line":19,"column":47},"end":{"line":213,"column":1}},"4":{"start":{"line":24,"column":38},"end":{"line":24,"column":50}},"5":{"start":{"line":25,"column":42},"end":{"line":26,"column":null}},"6":{"start":{"line":30,"column":27},"end":{"line":48,"column":null}},"7":{"start":{"line":32,"column":22},"end":{"line":32,"column":60}},"8":{"start":{"line":34,"column":6},"end":{"line":44,"column":9}},"9":{"start":{"line":35,"column":26},"end":{"line":35,"column":74}},"10":{"start":{"line":36,"column":21},"end":{"line":36,"column":51}},"11":{"start":{"line":38,"column":8},"end":{"line":43,"column":11}},"12":{"start":{"line":39,"column":10},"end":{"line":41,"column":11}},"13":{"start":{"line":40,"column":12},"end":{"line":40,"column":26}},"14":{"start":{"line":42,"column":10},"end":{"line":42,"column":53}},"15":{"start":{"line":46,"column":6},"end":{"line":46,"column":17}},"16":{"start":{"line":52,"column":25},"end":{"line":67,"column":null}},"17":{"start":{"line":54,"column":32},"end":{"line":59,"column":8}},"18":{"start":{"line":55,"column":29},"end":{"line":57,"column":24}},"19":{"start":{"line":58,"column":8},"end":{"line":58,"column":63}},"20":{"start":{"line":61,"column":6},"end":{"line":63,"column":7}},"21":{"start":{"line":62,"column":8},"end":{"line":62,"column":37}},"22":{"start":{"line":65,"column":6},"end":{"line":65,"column":17}},"23":{"start":{"line":70,"column":20},"end":{"line":78,"column":3}},"24":{"start":{"line":71,"column":24},"end":{"line":71,"column":45}},"25":{"start":{"line":72,"column":4},"end":{"line":76,"column":5}},"26":{"start":{"line":73,"column":6},"end":{"line":73,"column":30}},"27":{"start":{"line":75,"column":6},"end":{"line":75,"column":27}},"28":{"start":{"line":77,"column":4},"end":{"line":77,"column":33}},"29":{"start":{"line":80,"column":2},"end":{"line":212,"column":4}},"30":{"start":{"line":101,"column":29},"end":{"line":101,"column":58}},"31":{"start":{"line":132,"column":20},"end":{"line":132,"column":37}},"32":{"start":{"line":153,"column":14},"end":{"line":153,"column":29}},"33":{"start":{"line":155,"column":33},"end":{"line":155,"column":47}},"34":{"start":{"line":175,"column":22},"end":{"line":176,"column":null}},"35":{"start":{"line":177,"column":39},"end":{"line":177,"column":69}},"36":{"start":{"line":19,"column":13},"end":{"line":19,"column":47}}},"fnMap":{"0":{"name":"(anonymous_0)","decl":{"start":{"line":19,"column":47},"end":{"line":19,"column":48}},"loc":{"start":{"line":23,"column":5},"end":{"line":213,"column":1}}},"1":{"name":"(anonymous_1)","decl":{"start":{"line":31,"column":4},"end":{"line":31,"column":5}},"loc":{"start":{"line":31,"column":30},"end":{"line":47,"column":5}}},"2":{"name":"(anonymous_2)","decl":{"start":{"line":34,"column":22},"end":{"line":34,"column":23}},"loc":{"start":{"line":34,"column":33},"end":{"line":44,"column":7}}},"3":{"name":"(anonymous_3)","decl":{"start":{"line":38,"column":21},"end":{"line":38,"column":22}},"loc":{"start":{"line":38,"column":37},"end":{"line":43,"column":9}}},"4":{"name":"(anonymous_4)","decl":{"start":{"line":53,"column":4},"end":{"line":53,"column":5}},"loc":{"start":{"line":53,"column":30},"end":{"line":66,"column":5}}},"5":{"name":"(anonymous_5)","decl":{"start":{"line":54,"column":49},"end":{"line":54,"column":50}},"loc":{"start":{"line":54,"column":62},"end":{"line":59,"column":7}}},"6":{"name":"(anonymous_6)","decl":{"start":{"line":70,"column":20},"end":{"line":70,"column":21}},"loc":{"start":{"line":70,"column":36},"end":{"line":78,"column":3}}},"7":{"name":"(anonymous_7)","decl":{"start":{"line":101,"column":22},"end":{"line":101,"column":23}},"loc":{"start":{"line":101,"column":29},"end":{"line":101,"column":58}}},"8":{"name":"(anonymous_8)","decl":{"start":{"line":131,"column":36},"end":{"line":131,"column":37}},"loc":{"start":{"line":132,"column":20},"end":{"line":132,"column":37}}},"9":{"name":"(anonymous_9)","decl":{"start":{"line":152,"column":48},"end":{"line":152,"column":49}},"loc":{"start":{"line":153,"column":14},"end":{"line":153,"column":29}}},"10":{"name":"(anonymous_10)","decl":{"start":{"line":155,"column":27},"end":{"line":155,"column":30}},"loc":{"start":{"line":155,"column":33},"end":{"line":155,"column":47}}},"11":{"name":"(anonymous_11)","decl":{"start":{"line":174,"column":35},"end":{"line":174,"column":36}},"loc":{"start":{"line":175,"column":22},"end":{"line":176,"column":null}}},"12":{"name":"(anonymous_12)","decl":{"start":{"line":177,"column":33},"end":{"line":177,"column":36}},"loc":{"start":{"line":177,"column":39},"end":{"line":177,"column":69}}}},"branchMap":{"0":{"loc":{"start":{"line":36,"column":21},"end":{"line":36,"column":51}},"type":"binary-expr","locations":[{"start":{"line":36,"column":21},"end":{"line":36,"column":36}},{"start":{"line":36,"column":40},"end":{"line":36,"column":51}}]},"1":{"loc":{"start":{"line":39,"column":10},"end":{"line":41,"column":11}},"type":"if","locations":[{"start":{"line":39,"column":10},"end":{"line":41,"column":11}},{"start":{},"end":{}}]},"2":{"loc":{"start":{"line":56,"column":10},"end":{"line":56,"column":null}},"type":"binary-expr","locations":[{"start":{"line":56,"column":10},"end":{"line":56,"column":37}},{"start":{"line":56,"column":41},"end":{"line":56,"column":null}}]},"3":{"loc":{"start":{"line":61,"column":6},"end":{"line":63,"column":7}},"type":"if","locations":[{"start":{"line":61,"column":6},"end":{"line":63,"column":7}},{"start":{},"end":{}}]},"4":{"loc":{"start":{"line":72,"column":4},"end":{"line":76,"column":5}},"type":"if","locations":[{"start":{"line":72,"column":4},"end":{"line":76,"column":5}},{"start":{"line":74,"column":11},"end":{"line":76,"column":5}}]},"5":{"loc":{"start":{"line":123,"column":15},"end":{"line":141,"column":null}},"type":"binary-expr","locations":[{"start":{"line":123,"column":15},"end":{"line":123,"column":27}},{"start":{"line":123,"column":31},"end":{"line":123,"column":54}},{"start":{"line":124,"column":16},"end":{"line":140,"column":null}}]},"6":{"loc":{"start":{"line":136,"column":23},"end":{"line":137,"column":null}},"type":"binary-expr","locations":[{"start":{"line":136,"column":23},"end":{"line":136,"column":41}},{"start":{"line":137,"column":24},"end":{"line":137,"column":68}}]},"7":{"loc":{"start":{"line":158,"column":19},"end":{"line":161,"column":null}},"type":"cond-expr","locations":[{"start":{"line":159,"column":20},"end":{"line":159,"column":69}},{"start":{"line":161,"column":20},"end":{"line":161,"column":70}}]},"8":{"loc":{"start":{"line":165,"column":21},"end":{"line":165,"column":56}},"type":"cond-expr","locations":[{"start":{"line":165,"column":41},"end":{"line":165,"column":50}},{"start":{"line":165,"column":53},"end":{"line":165,"column":56}}]},"9":{"loc":{"start":{"line":172,"column":17},"end":{"line":204,"column":null}},"type":"binary-expr","locations":[{"start":{"line":172,"column":17},"end":{"line":172,"column":38}},{"start":{"line":173,"column":18},"end":{"line":203,"column":null}}]},"10":{"loc":{"start":{"line":179,"column":26},"end":{"line":182,"column":null}},"type":"cond-expr","locations":[{"start":{"line":181,"column":30},"end":{"line":181,"column":65}},{"start":{"line":182,"column":30},"end":{"line":182,"column":null}}]},"11":{"loc":{"start":{"line":179,"column":26},"end":{"line":180,"column":61}},"type":"binary-expr","locations":[{"start":{"line":179,"column":26},"end":{"line":179,"column":57}},{"start":{"line":180,"column":26},"end":{"line":180,"column":61}}]},"12":{"loc":{"start":{"line":197,"column":25},"end":{"line":200,"column":null}},"type":"binary-expr","locations":[{"start":{"line":197,"column":25},"end":{"line":197,"column":43}},{"start":{"line":198,"column":26},"end":{"line":199,"column":null}}]}},"s":{"0":1,"1":1,"2":1,"3":1,"4":4,"5":4,"6":4,"7":8,"8":8,"9":12,"10":12,"11":12,"12":12,"13":4,"14":12,"15":8,"16":4,"17":4,"18":12,"19":12,"20":4,"21":4,"22":4,"23":4,"24":0,"25":0,"26":0,"27":0,"28":0,"29":4,"30":1,"31":0,"32":4,"33":0,"34":0,"35":0,"36":1},"f":{"0":4,"1":8,"2":12,"3":12,"4":4,"5":12,"6":0,"7":1,"8":0,"9":4,"10":0,"11":0,"12":0},"b":{"0":[12,0],"1":[4,8],"2":[12,0],"3":[4,0],"4":[0,0],"5":[4,0,0],"6":[0,0],"7":[0,4],"8":[0,4],"9":[4,0],"10":[0,0],"11":[0,0],"12":[0,0]}}
,"C:\\Users\\vishn\\Documents\\GitHub\\PVOT\\flexdoc-oss\\flexdoc\\packages\\client\\src\\data\\sample-spec.ts": {"path":"C:\\Users\\vishn\\Documents\\GitHub\\PVOT\\flexdoc-oss\\flexdoc\\packages\\client\\src\\data\\sample-spec.ts","statementMap":{"0":{"start":{"line":3,"column":13},"end":{"line":505,"column":2}}},"fnMap":{},"branchMap":{},"s":{"0":0},"f":{},"b":{}}
,"C:\\Users\\vishn\\Documents\\GitHub\\PVOT\\flexdoc-oss\\flexdoc\\packages\\client\\src\\utils\\openapi-parser.ts": {"path":"C:\\Users\\vishn\\Documents\\GitHub\\PVOT\\flexdoc-oss\\flexdoc\\packages\\client\\src\\utils\\openapi-parser.ts","statementMap":{"0":{"start":{"line":1,"column":0},"end":{"line":1,"column":27}},"1":{"start":{"line":8,"column":4},"end":{"line":22,"column":5}},"2":{"start":{"line":9,"column":6},"end":{"line":19,"column":7}},"3":{"start":{"line":11,"column":8},"end":{"line":11,"column":33}},"4":{"start":{"line":13,"column":8},"end":{"line":18,"column":9}},"5":{"start":{"line":15,"column":10},"end":{"line":15,"column":34}},"6":{"start":{"line":17,"column":10},"end":{"line":17,"column":66}},"7":{"start":{"line":21,"column":6},"end":{"line":21,"column":19}},"8":{"start":{"line":25,"column":4},"end":{"line":27,"column":5}},"9":{"start":{"line":26,"column":6},"end":{"line":26,"column":80}},"10":{"start":{"line":29,"column":4},"end":{"line":29,"column":31}},"11":{"start":{"line":33,"column":20},"end":{"line":42,"column":6}},"12":{"start":{"line":43,"column":4},"end":{"line":43,"column":56}},"13":{"start":{"line":43,"column":38},"end":{"line":43,"column":54}},"14":{"start":{"line":47,"column":46},"end":{"line":56,"column":6}},"15":{"start":{"line":57,"column":4},"end":{"line":59,"column":6}},"16":{"start":{"line":63,"column":4},"end":{"line":65,"column":5}},"17":{"start":{"line":64,"column":6},"end":{"line":64,"column":61}},"18":{"start":{"line":67,"column":17},"end":{"line":67,"column":44}},"19":{"start":{"line":68,"column":23},"end":{"line":68,"column":27}},"20":{"start":{"line":70,"column":4},"end":{"line":75,"column":5}},"21":{"start":{"line":71,"column":6},"end":{"line":73,"column":7}},"22":{"start":{"line":72,"column":8},"end":{"line":72,"column":55}},"23":{"start":{"line":74,"column":6},"end":{"line":74,"column":33}},"24":{"start":{"line":77,"column":4},"end":{"line":77,"column":19}},"25":{"start":{"line":81,"column":4},"end":{"line":81,"column":59}},"26":{"start":{"line":4,"column":0},"end":{"line":4,"column":13}}},"fnMap":{"0":{"name":"(anonymous_0)","decl":{"start":{"line":5,"column":2},"end":{"line":5,"column":8}},"loc":{"start":{"line":5,"column":47},"end":{"line":30,"column":3}}},"1":{"name":"(anonymous_1)","decl":{"start":{"line":32,"column":2},"end":{"line":32,"column":8}},"loc":{"start":{"line":32,"column":37},"end":{"line":44,"column":3}}},"2":{"name":"(anonymous_2)","decl":{"start":{"line":43,"column":26},"end":{"line":43,"column":27}},"loc":{"start":{"line":43,"column":38},"end":{"line":43,"column":54}}},"3":{"name":"(anonymous_3)","decl":{"start":{"line":46,"column":2},"end":{"line":46,"column":8}},"loc":{"start":{"line":46,"column":38},"end":{"line":60,"column":3}}},"4":{"name":"(anonymous_4)","decl":{"start":{"line":62,"column":2},"end":{"line":62,"column":8}},"loc":{"start":{"line":62,"column":56},"end":{"line":78,"column":3}}},"5":{"name":"(anonymous_5)","decl":{"start":{"line":80,"column":2},"end":{"line":80,"column":8}},"loc":{"start":{"line":80,"column":29},"end":{"line":82,"column":3}}}},"branchMap":{"0":{"loc":{"start":{"line":8,"column":4},"end":{"line":22,"column":5}},"type":"if","locations":[{"start":{"line":8,"column":4},"end":{"line":22,"column":5}},{"start":{"line":20,"column":11},"end":{"line":22,"column":5}}]},"1":{"loc":{"start":{"line":25,"column":4},"end":{"line":27,"column":5}},"type":"if","locations":[{"start":{"line":25,"column":4},"end":{"line":27,"column":5}},{"start":{},"end":{}}]},"2":{"loc":{"start":{"line":25,"column":8},"end":{"line":25,"column":50}},"type":"binary-expr","locations":[{"start":{"line":25,"column":8},"end":{"line":25,"column":21}},{"start":{"line":25,"column":25},"end":{"line":25,"column":35}},{"start":{"line":25,"column":39},"end":{"line":25,"column":50}}]},"3":{"loc":{"start":{"line":58,"column":6},"end":{"line":58,"column":80}},"type":"binary-expr","locations":[{"start":{"line":58,"column":6},"end":{"line":58,"column":34}},{"start":{"line":58,"column":38},"end":{"line":58,"column":80}}]},"4":{"loc":{"start":{"line":63,"column":4},"end":{"line":65,"column":5}},"type":"if","locations":[{"start":{"line":63,"column":4},"end":{"line":65,"column":5}},{"start":{},"end":{}}]},"5":{"loc":{"start":{"line":71,"column":6},"end":{"line":73,"column":7}},"type":"if","locations":[{"start":{"line":71,"column":6},"end":{"line":73,"column":7}},{"start":{},"end":{}}]},"6":{"loc":{"start":{"line":81,"column":11},"end":{"line":81,"column":58}},"type":"binary-expr","locations":[{"start":{"line":81,"column":11},"end":{"line":81,"column":14}},{"start":{"line":81,"column":18},"end":{"line":81,"column":41}},{"start":{"line":81,"column":45},"end":{"line":81,"column":58}}]}},"s":{"0":1,"1":0,"2":0,"3":0,"4":0,"5":0,"6":0,"7":0,"8":0,"9":0,"10":0,"11":8,"12":8,"13":64,"14":0,"15":0,"16":0,"17":0,"18":0,"19":0,"20":0,"21":0,"22":0,"23":0,"24":0,"25":0,"26":1},"f":{"0":0,"1":8,"2":64,"3":0,"4":0,"5":0},"b":{"0":[0,0],"1":[0,0],"2":[0,0,0],"3":[0,0],"4":[0,0],"5":[0,0],"6":[0,0,0]}}
,"C:\\Users\\vishn\\Documents\\GitHub\\PVOT\\flexdoc-oss\\flexdoc\\packages\\client\\src\\utils\\type-guards.ts": {"path":"C:\\Users\\vishn\\Documents\\GitHub\\PVOT\\flexdoc-oss\\flexdoc\\packages\\client\\src\\utils\\type-guards.ts","statementMap":{"0":{"start":{"line":3,"column":0},"end":{"line":3,"column":16}},"1":{"start":{"line":10,"column":0},"end":{"line":10,"column":16}},"2":{"start":{"line":4,"column":2},"end":{"line":6,"column":3}},"3":{"start":{"line":5,"column":4},"end":{"line":5,"column":17}},"4":{"start":{"line":7,"column":2},"end":{"line":7,"column":50}},"5":{"start":{"line":13,"column":2},"end":{"line":15,"column":3}},"6":{"start":{"line":14,"column":4},"end":{"line":14,"column":17}},"7":{"start":{"line":16,"column":2},"end":{"line":16,"column":54}}},"fnMap":{"0":{"name":"isReference","decl":{"start":{"line":3,"column":16},"end":{"line":3,"column":27}},"loc":{"start":{"line":3,"column":36},"end":{"line":8,"column":1}}},"1":{"name":"isRequestBody","decl":{"start":{"line":10,"column":16},"end":{"line":10,"column":29}},"loc":{"start":{"line":11,"column":30},"end":{"line":17,"column":1}}}},"branchMap":{"0":{"loc":{"start":{"line":4,"column":2},"end":{"line":6,"column":3}},"type":"if","locations":[{"start":{"line":4,"column":2},"end":{"line":6,"column":3}},{"start":{},"end":{}}]},"1":{"loc":{"start":{"line":4,"column":6},"end":{"line":4,"column":39}},"type":"binary-expr","locations":[{"start":{"line":4,"column":6},"end":{"line":4,"column":18}},{"start":{"line":4,"column":22},"end":{"line":4,"column":39}}]},"2":{"loc":{"start":{"line":7,"column":9},"end":{"line":7,"column":49}},"type":"binary-expr","locations":[{"start":{"line":7,"column":9},"end":{"line":7,"column":32}},{"start":{"line":7,"column":36},"end":{"line":7,"column":49}}]},"3":{"loc":{"start":{"line":13,"column":2},"end":{"line":15,"column":3}},"type":"if","locations":[{"start":{"line":13,"column":2},"end":{"line":15,"column":3}},{"start":{},"end":{}}]},"4":{"loc":{"start":{"line":13,"column":6},"end":{"line":13,"column":39}},"type":"binary-expr","locations":[{"start":{"line":13,"column":6},"end":{"line":13,"column":18}},{"start":{"line":13,"column":22},"end":{"line":13,"column":39}}]},"5":{"loc":{"start":{"line":16,"column":9},"end":{"line":16,"column":53}},"type":"binary-expr","locations":[{"start":{"line":16,"column":9},"end":{"line":16,"column":32}},{"start":{"line":16,"column":36},"end":{"line":16,"column":53}}]}},"s":{"0":1,"1":1,"2":8,"3":2,"4":6,"5":4,"6":2,"7":2},"f":{"0":8,"1":4},"b":{"0":[2,6],"1":[8,7],"2":[6,4],"3":[2,2],"4":[4,3],"5":[2,2]}}
}
