TN:
SF:src\App.tsx
FN:8,App
FN:13,(anonymous_1)
FN:37,(anonymous_2)
FNF:3
FNH:0
FNDA:0,App
FNDA:0,(anonymous_1)
FNDA:0,(anonymous_2)
DA:1,0
DA:2,0
DA:3,0
DA:4,0
DA:6,0
DA:9,0
DA:10,0
DA:11,0
DA:13,0
DA:16,0
DA:17,0
DA:19,0
DA:20,0
DA:22,0
DA:23,0
DA:24,0
DA:25,0
DA:27,0
DA:33,0
DA:37,0
DA:38,0
DA:41,0
DA:42,0
DA:45,0
DA:220,0
LF:25
LH:0
BRDA:17,0,0,0
BRDA:17,0,1,0
BRDA:28,1,0,0
BRDA:28,1,1,0
BRDA:41,2,0,0
BRDA:41,2,1,0
BRDA:113,3,0,0
BRDA:113,3,1,0
BRDA:120,4,0,0
BRDA:120,4,1,0
BRDA:124,5,0,0
BRDA:124,5,1,0
BRDA:164,6,0,0
BRDA:164,6,1,0
BRF:14
BRH:0
end_of_record
TN:
SF:src\components\CodeBlock.tsx
FN:17,(anonymous_0)
FN:25,(anonymous_1)
FN:29,(anonymous_2)
FN:33,(anonymous_3)
FNF:4
FNH:0
FNDA:0,(anonymous_0)
FNDA:0,(anonymous_1)
FNDA:0,(anonymous_2)
FNDA:0,(anonymous_3)
DA:1,0
DA:2,0
DA:3,0
DA:4,0
DA:5,0
DA:6,0
DA:7,0
DA:8,0
DA:17,0
DA:23,0
DA:25,0
DA:26,0
DA:29,0
DA:30,0
DA:31,0
DA:32,0
DA:33,0
DA:35,0
DA:39,0
LF:19
LH:0
BRDA:21,0,0,0
BRDA:41,1,0,0
BRDA:41,1,1,0
BRDA:41,1,2,0
BRDA:43,2,0,0
BRDA:43,2,1,0
BRDA:46,3,0,0
BRDA:46,3,1,0
BRDA:51,4,0,0
BRDA:51,4,1,0
BRF:10
BRH:0
end_of_record
TN:
SF:src\components\EndpointDetail.tsx
FN:20,(anonymous_0)
FN:36,(anonymous_1)
FN:46,(anonymous_2)
FN:90,(anonymous_3)
FN:107,(anonymous_4)
FN:119,(anonymous_5)
FN:201,(anonymous_6)
FN:217,(anonymous_7)
FN:270,(anonymous_8)
FN:286,(anonymous_9)
FN:316,(anonymous_10)
FN:330,(anonymous_11)
FN:355,(anonymous_12)
FN:379,(anonymous_13)
FNF:14
FNH:0
FNDA:0,(anonymous_0)
FNDA:0,(anonymous_1)
FNDA:0,(anonymous_2)
FNDA:0,(anonymous_3)
FNDA:0,(anonymous_4)
FNDA:0,(anonymous_5)
FNDA:0,(anonymous_6)
FNDA:0,(anonymous_7)
FNDA:0,(anonymous_8)
FNDA:0,(anonymous_9)
FNDA:0,(anonymous_10)
FNDA:0,(anonymous_11)
FNDA:0,(anonymous_12)
FNDA:0,(anonymous_13)
DA:1,0
DA:2,0
DA:10,0
DA:11,0
DA:12,0
DA:20,0
DA:25,0
DA:29,0
DA:30,0
DA:32,0
DA:33,0
DA:36,0
DA:37,0
DA:38,0
DA:39,0
DA:41,0
DA:43,0
DA:46,0
DA:47,0
DA:48,0
DA:49,0
DA:52,0
DA:54,0
DA:91,0
DA:107,0
DA:108,0
DA:109,0
DA:110,0
DA:111,0
DA:112,0
DA:113,0
DA:114,0
DA:115,0
DA:116,0
DA:119,0
DA:120,0
DA:123,0
DA:124,0
DA:127,0
DA:130,0
DA:131,0
DA:135,0
DA:139,0
DA:142,0
DA:145,0
DA:201,0
DA:218,0
DA:222,0
DA:270,0
DA:287,0
DA:316,0
DA:331,0
DA:335,0
DA:356,0
DA:379,0
LF:55
LH:0
BRDA:32,0,0,0
BRDA:32,0,1,0
BRDA:38,1,0,0
BRDA:38,1,1,0
BRDA:46,2,0,0
BRDA:47,3,0,0
BRDA:47,3,1,0
BRDA:58,4,0,0
BRDA:58,4,1,0
BRDA:59,5,0,0
BRDA:59,5,1,0
BRDA:61,6,0,0
BRDA:61,6,1,0
BRDA:66,7,0,0
BRDA:66,7,1,0
BRDA:73,8,0,0
BRDA:73,8,1,0
BRDA:77,9,0,0
BRDA:77,9,1,0
BRDA:88,10,0,0
BRDA:88,10,1,0
BRDA:109,11,0,0
BRDA:109,11,1,0
BRDA:109,12,0,0
BRDA:109,12,1,0
BRDA:111,13,0,0
BRDA:111,13,1,0
BRDA:111,14,0,0
BRDA:111,14,1,0
BRDA:113,15,0,0
BRDA:113,15,1,0
BRDA:113,16,0,0
BRDA:113,16,1,0
BRDA:115,17,0,0
BRDA:115,17,1,0
BRDA:123,18,0,0
BRDA:123,18,1,0
BRDA:130,19,0,0
BRDA:130,19,1,0
BRDA:135,20,0,0
BRDA:135,20,1,0
BRDA:136,21,0,0
BRDA:136,21,1,0
BRDA:163,22,0,0
BRDA:163,22,1,0
BRDA:169,23,0,0
BRDA:169,23,1,0
BRDA:176,24,0,0
BRDA:176,24,1,0
BRDA:183,25,0,0
BRDA:183,25,1,0
BRDA:198,26,0,0
BRDA:198,26,1,0
BRDA:198,26,2,0
BRDA:204,27,0,0
BRDA:204,27,1,0
BRDA:212,28,0,0
BRDA:212,28,1,0
BRDA:215,29,0,0
BRDA:215,29,1,0
BRDA:216,30,0,0
BRDA:216,30,1,0
BRDA:218,31,0,0
BRDA:218,31,1,0
BRDA:233,32,0,0
BRDA:233,32,1,0
BRDA:235,33,0,0
BRDA:235,33,1,0
BRDA:237,34,0,0
BRDA:237,34,1,0
BRDA:244,35,0,0
BRDA:244,35,1,0
BRDA:251,36,0,0
BRDA:251,36,1,0
BRDA:257,37,0,0
BRDA:257,37,1,0
BRDA:267,38,0,0
BRDA:267,38,1,0
BRDA:273,39,0,0
BRDA:273,39,1,0
BRDA:281,40,0,0
BRDA:281,40,1,0
BRDA:281,40,2,0
BRDA:281,40,3,0
BRDA:285,41,0,0
BRDA:285,41,1,0
BRDA:295,42,0,0
BRDA:295,42,1,0
BRDA:295,42,2,0
BRDA:295,42,3,0
BRDA:304,43,0,0
BRDA:304,43,1,0
BRDA:319,44,0,0
BRDA:319,44,1,0
BRDA:327,45,0,0
BRDA:327,45,1,0
BRDA:331,46,0,0
BRDA:331,46,1,0
BRDA:353,47,0,0
BRDA:353,47,1,0
BRDA:360,48,0,0
BRDA:360,48,1,0
BRDA:382,49,0,0
BRDA:382,49,1,0
BRDA:390,50,0,0
BRDA:390,50,1,0
BRF:106
BRH:0
end_of_record
TN:
SF:src\components\FlexDoc.tsx
FN:13,(anonymous_0)
FN:23,(anonymous_1)
FNF:2
FNH:0
FNDA:0,(anonymous_0)
FNDA:0,(anonymous_1)
DA:1,0
DA:3,0
DA:4,0
DA:5,0
DA:13,0
DA:18,0
DA:23,0
DA:24,0
DA:27,0
LF:9
LH:0
BRDA:15,0,0,0
BRDA:30,1,0,0
BRDA:30,1,1,0
BRDA:37,2,0,0
BRDA:37,2,1,0
BRDA:41,3,0,0
BRDA:41,3,1,0
BRF:7
BRH:0
end_of_record
TN:
SF:src\components\Overview.tsx
FN:11,(anonymous_0)
FN:17,(anonymous_1)
FN:19,(anonymous_2)
FN:31,(anonymous_3)
FN:32,(anonymous_4)
FN:135,(anonymous_5)
FN:164,(anonymous_6)
FN:167,(anonymous_7)
FN:258,(anonymous_8)
FNF:9
FNH:0
FNDA:0,(anonymous_0)
FNDA:0,(anonymous_1)
FNDA:0,(anonymous_2)
FNDA:0,(anonymous_3)
FNDA:0,(anonymous_4)
FNDA:0,(anonymous_5)
FNDA:0,(anonymous_6)
FNDA:0,(anonymous_7)
FNDA:0,(anonymous_8)
DA:1,0
DA:2,0
DA:4,0
DA:11,0
DA:16,0
DA:18,0
DA:19,0
DA:20,0
DA:21,0
DA:23,0
DA:29,0
DA:32,0
DA:39,0
DA:136,0
DA:165,0
DA:167,0
DA:259,0
LF:17
LH:0
BRDA:20,0,0,0
BRDA:20,0,1,0
BRDA:56,1,0,0
BRDA:56,1,1,0
BRDA:89,2,0,0
BRDA:89,2,1,0
BRDA:103,3,0,0
BRDA:103,3,1,0
BRDA:119,4,0,0
BRDA:119,4,1,0
BRDA:147,5,0,0
BRDA:147,5,1,0
BRDA:182,6,0,0
BRDA:182,6,1,0
BRDA:195,7,0,0
BRDA:195,7,1,0
BRDA:195,7,2,0
BRDA:201,8,0,0
BRDA:201,8,1,0
BRDA:204,9,0,0
BRDA:204,9,1,0
BRDA:209,10,0,0
BRDA:209,10,1,0
BRDA:214,11,0,0
BRDA:214,11,1,0
BRDA:227,12,0,0
BRDA:227,12,1,0
BRDA:230,13,0,0
BRDA:230,13,1,0
BRDA:252,14,0,0
BRDA:252,14,1,0
BRDA:252,14,2,0
BRDA:263,15,0,0
BRDA:263,15,1,0
BRF:34
BRH:0
end_of_record
TN:
SF:src\components\Sidebar.tsx
FN:19,(anonymous_0)
FN:31,(anonymous_1)
FN:34,(anonymous_2)
FN:38,(anonymous_3)
FN:53,(anonymous_4)
FN:54,(anonymous_5)
FN:70,(anonymous_6)
FN:101,(anonymous_7)
FN:131,(anonymous_8)
FN:152,(anonymous_9)
FN:155,(anonymous_10)
FN:174,(anonymous_11)
FN:177,(anonymous_12)
FNF:13
FNH:8
FNDA:4,(anonymous_0)
FNDA:8,(anonymous_1)
FNDA:12,(anonymous_2)
FNDA:12,(anonymous_3)
FNDA:4,(anonymous_4)
FNDA:12,(anonymous_5)
FNDA:0,(anonymous_6)
FNDA:1,(anonymous_7)
FNDA:0,(anonymous_8)
FNDA:4,(anonymous_9)
FNDA:0,(anonymous_10)
FNDA:0,(anonymous_11)
FNDA:0,(anonymous_12)
DA:1,1
DA:2,1
DA:11,1
DA:19,1
DA:24,4
DA:25,4
DA:30,4
DA:32,8
DA:34,8
DA:35,12
DA:36,12
DA:38,12
DA:39,12
DA:40,4
DA:42,12
DA:46,8
DA:52,4
DA:54,4
DA:55,12
DA:58,12
DA:61,4
DA:62,4
DA:65,4
DA:70,4
DA:71,0
DA:72,0
DA:73,0
DA:75,0
DA:77,0
DA:80,4
DA:101,1
DA:132,0
DA:153,4
DA:155,0
DA:175,0
DA:177,0
LF:36
LH:27
BRDA:36,0,0,12
BRDA:36,0,1,0
BRDA:39,1,0,4
BRDA:39,1,1,8
BRDA:56,2,0,12
BRDA:56,2,1,0
BRDA:61,3,0,4
BRDA:61,3,1,0
BRDA:72,4,0,0
BRDA:72,4,1,0
BRDA:123,5,0,4
BRDA:123,5,1,0
BRDA:123,5,2,0
BRDA:136,6,0,0
BRDA:136,6,1,0
BRDA:158,7,0,0
BRDA:158,7,1,4
BRDA:165,8,0,0
BRDA:165,8,1,4
BRDA:172,9,0,4
BRDA:172,9,1,0
BRDA:179,10,0,0
BRDA:179,10,1,0
BRDA:179,11,0,0
BRDA:179,11,1,0
BRDA:197,12,0,0
BRDA:197,12,1,0
BRF:27
BRH:9
end_of_record
TN:
SF:src\data\sample-spec.ts
FNF:0
FNH:0
DA:3,0
LF:1
LH:0
BRF:0
BRH:0
end_of_record
TN:
SF:src\utils\openapi-parser.ts
FN:5,(anonymous_0)
FN:32,(anonymous_1)
FN:43,(anonymous_2)
FN:46,(anonymous_3)
FN:62,(anonymous_4)
FN:80,(anonymous_5)
FNF:6
FNH:2
FNDA:0,(anonymous_0)
FNDA:8,(anonymous_1)
FNDA:64,(anonymous_2)
FNDA:0,(anonymous_3)
FNDA:0,(anonymous_4)
FNDA:0,(anonymous_5)
DA:1,1
DA:4,1
DA:8,0
DA:9,0
DA:11,0
DA:13,0
DA:15,0
DA:17,0
DA:21,0
DA:25,0
DA:26,0
DA:29,0
DA:33,8
DA:43,64
DA:47,0
DA:57,0
DA:63,0
DA:64,0
DA:67,0
DA:68,0
DA:70,0
DA:71,0
DA:72,0
DA:74,0
DA:77,0
DA:81,0
LF:26
LH:4
BRDA:8,0,0,0
BRDA:8,0,1,0
BRDA:25,1,0,0
BRDA:25,1,1,0
BRDA:25,2,0,0
BRDA:25,2,1,0
BRDA:25,2,2,0
BRDA:58,3,0,0
BRDA:58,3,1,0
BRDA:63,4,0,0
BRDA:63,4,1,0
BRDA:71,5,0,0
BRDA:71,5,1,0
BRDA:81,6,0,0
BRDA:81,6,1,0
BRDA:81,6,2,0
BRF:16
BRH:0
end_of_record
TN:
SF:src\utils\type-guards.ts
FN:3,isReference
FN:10,isRequestBody
FNF:2
FNH:2
FNDA:8,isReference
FNDA:4,isRequestBody
DA:3,1
DA:4,8
DA:5,2
DA:7,6
DA:10,1
DA:13,4
DA:14,2
DA:16,2
LF:8
LH:8
BRDA:4,0,0,2
BRDA:4,0,1,6
BRDA:4,1,0,8
BRDA:4,1,1,7
BRDA:7,2,0,6
BRDA:7,2,1,4
BRDA:13,3,0,2
BRDA:13,3,1,2
BRDA:13,4,0,4
BRDA:13,4,1,3
BRDA:16,5,0,2
BRDA:16,5,1,2
BRF:12
BRH:12
end_of_record
